<?xml version="1.0" encoding="UTF-8"?>
<!-- Generated by org.testng.reporters.JUnitReportReporter -->
<testsuite hostname="Shails-MacBook-Pro.local" failures="0" tests="2" name="Practice.BrowserStackRun" time="24.932" errors="0" timestamp="2023-07-08T11:04:13 IST" skipped="0">
  <testcase classname="Practice.BrowserStackRun" name="browserRun" time="14.936"/>
  <testcase classname="Practice.BrowserStackRun" name="browserRun" time="9.996"/>
</testsuite> <!-- Practice.BrowserStackRun -->
