<?xml version="1.0" encoding="UTF-8"?>
<!-- Generated by org.testng.reporters.JUnitReportReporter -->
<testsuite hostname="Shails-MacBook-Pro.local" failures="0" tests="1" name="TestNgEx" time="0.003" errors="0" timestamp="2023-06-23T15:54:13 IST" skipped="0">
  <testcase classname="TestNgEx" name="createContact" time="0.003"/>
</testsuite> <!-- TestNgEx -->
