<?xml version="1.0" encoding="UTF-8"?>
<!-- Generated by org.testng.reporters.JUnitReportReporter -->
<testsuite hostname="Shails-MacBook-Pro.local" failures="0" tests="2" name="Practice.DataProviderEx3" time="0.004" errors="0" timestamp="2023-07-04T10:14:34 IST" skipped="0">
  <testcase classname="Practice.DataProviderEx3" name="bookTickets" time="0.003"/>
  <testcase classname="Practice.DataProviderEx3" name="bookTickets" time="0.001"/>
</testsuite> <!-- Practice.DataProviderEx3 -->
