<?xml version="1.0" encoding="UTF-8"?>
<!-- Generated by org.testng.reporters.JUnitReportReporter -->
<testsuite hostname="Shails-MacBook-Pro.local" failures="0" tests="1" name="TestNgPack.TestNGTest3" time="0.003" errors="0" timestamp="2023-06-26T11:13:19 IST" skipped="0">
  <testcase classname="TestNgPack.TestNGTest3" name="createContact" time="0.003"/>
</testsuite> <!-- TestNgPack.TestNGTest3 -->
