<?xml version="1.0" encoding="UTF-8"?>
<!-- Generated by org.testng.reporters.JUnitReportReporter -->
<testsuite hostname="Shails-MacBook-Pro.local" failures="0" tests="1" name="Practice.DataProviderEx2" time="8.295" errors="0" timestamp="2023-06-29T11:53:26 IST" skipped="0">
  <testcase classname="Practice.DataProviderEx2" name="mi" time="8.295"/>
</testsuite> <!-- Practice.DataProviderEx2 -->
