<?xml version="1.0" encoding="UTF-8"?>
<!-- Generated by org.testng.reporters.JUnitReportReporter -->
<testsuite hostname="Shails-MacBook-Pro.local" failures="0" tests="1" name="TestNgPack.TestNgTest" time="0.003" errors="0" timestamp="2023-06-27T10:12:31 IST" skipped="0">
  <testcase classname="TestNgPack.TestNgTest" name="createContact" time="0.003"/>
</testsuite> <!-- TestNgPack.TestNgTest -->
