<?xml version="1.0" encoding="UTF-8"?>
<!-- Generated by org.testng.reporters.JUnitReportReporter -->
<testsuite hostname="Shails-MacBook-Pro.local" failures="0" tests="2" name="Practice.HardAssertEx" time="0.003" errors="0" timestamp="2023-06-28T11:05:42 IST" skipped="0">
  <testcase classname="Practice.HardAssertEx" name="m1" time="0.003"/>
  <testcase classname="Practice.HardAssertEx" name="m2" time="0.000"/>
</testsuite> <!-- Practice.HardAssertEx -->
